2020-05-10 14:05:29.786  INFO 75442 --- [SpringContextShutdownHook] o.s.s.concurrent.ThreadPoolTaskExecutor  : Shutting down ExecutorService 'applicationTaskExecutor'
2020-05-10 14:08:46.491  INFO 91361 --- [main] com.baeldung.taskmanagementapp.App       : Starting App on Elizabeths-MacBook-Pro.local with PID 91361 (/Users/elizabethprendergast/Development/task-management-app/target/classes started by elizabethprendergast in /Users/elizabethprendergast/Development/task-management-app)
2020-05-10 14:08:46.500 DEBUG 91361 --- [main] com.baeldung.taskmanagementapp.App       : Running with Spring Boot v2.2.6.RELEASE, Spring v5.2.5.RELEASE
2020-05-10 14:08:46.501  INFO 91361 --- [main] com.baeldung.taskmanagementapp.App       : No active profile set, falling back to default profiles: default
2020-05-10 14:08:49.067  INFO 91361 --- [main] o.s.b.w.embedded.tomcat.TomcatWebServer  : Tomcat initialized with port(s): 8080 (http)
2020-05-10 14:08:49.219  INFO 91361 --- [main] o.s.web.context.ContextLoader            : Root WebApplicationContext: initialization completed in 2534 ms
2020-05-10 14:08:49.318 DEBUG 91361 --- [main] c.b.t.service.impl.ProjectServiceImpl    : Project Service >> Saving Project Project{id=1, name='My First Project', dateCreated=2020-05-10}
2020-05-10 14:08:49.320 DEBUG 91361 --- [main] c.b.t.service.impl.ProjectServiceImpl    : Project Service >> Finding Project By ID 1
2020-05-10 14:08:49.527  INFO 91361 --- [main] o.s.s.concurrent.ThreadPoolTaskExecutor  : Initializing ExecutorService 'applicationTaskExecutor'
2020-05-10 14:08:49.814  INFO 91361 --- [main] o.s.b.w.embedded.tomcat.TomcatWebServer  : Tomcat started on port(s): 8080 (http) with context path ''
2020-05-10 14:08:49.820  INFO 91361 --- [main] com.baeldung.taskmanagementapp.App       : Started App in 5.232 seconds (JVM running for 6.848)
2020-05-10 14:08:54.435  INFO 91361 --- [SpringContextShutdownHook] o.s.s.concurrent.ThreadPoolTaskExecutor  : Shutting down ExecutorService 'applicationTaskExecutor'
2020-05-10 14:11:36.793  INFO 92574 --- [main] com.baeldung.taskmanagementapp.App       : Starting App on Elizabeths-MacBook-Pro.local with PID 92574 (/Users/elizabethprendergast/Development/task-management-app/target/classes started by elizabethprendergast in /Users/elizabethprendergast/Development/task-management-app)
2020-05-10 14:11:36.800 DEBUG 92574 --- [main] com.baeldung.taskmanagementapp.App       : Running with Spring Boot v2.2.6.RELEASE, Spring v5.2.5.RELEASE
2020-05-10 14:11:36.802  INFO 92574 --- [main] com.baeldung.taskmanagementapp.App       : No active profile set, falling back to default profiles: default
2020-05-10 14:11:38.659  INFO 92574 --- [main] o.s.b.w.embedded.tomcat.TomcatWebServer  : Tomcat initialized with port(s): 8080 (http)
2020-05-10 14:11:38.768  INFO 92574 --- [main] o.s.web.context.ContextLoader            : Root WebApplicationContext: initialization completed in 1798 ms
2020-05-10 14:11:39.016 DEBUG 92574 --- [main] c.b.t.service.impl.ProjectServiceImpl    : Project Service >> Saving Project Project{id=1, name='My First Project', dateCreated=2020-05-10}
2020-05-10 14:11:39.018 DEBUG 92574 --- [main] c.b.t.service.impl.ProjectServiceImpl    : Project Service >> Finding Project By ID 1
2020-05-10 14:11:39.173  INFO 92574 --- [main] o.s.s.concurrent.ThreadPoolTaskExecutor  : Initializing ExecutorService 'applicationTaskExecutor'
2020-05-10 14:11:39.427  INFO 92574 --- [main] o.s.b.a.e.web.EndpointLinksResolver      : Exposing 2 endpoint(s) beneath base path '/actuator'
2020-05-10 14:11:39.487  INFO 92574 --- [main] o.s.b.w.embedded.tomcat.TomcatWebServer  : Tomcat started on port(s): 8080 (http) with context path ''
2020-05-10 14:11:39.494  INFO 92574 --- [main] com.baeldung.taskmanagementapp.App       : Started App in 4.035 seconds (JVM running for 5.103)
2020-05-10 14:15:08.625  INFO 92574 --- [http-nio-8080-exec-1] o.s.web.servlet.DispatcherServlet        : Initializing Servlet 'dispatcherServlet'
2020-05-10 14:15:08.639  INFO 92574 --- [http-nio-8080-exec-1] o.s.web.servlet.DispatcherServlet        : Completed initialization in 13 ms
2020-05-10 14:16:28.671  INFO 92574 --- [SpringContextShutdownHook] o.s.s.concurrent.ThreadPoolTaskExecutor  : Shutting down ExecutorService 'applicationTaskExecutor'
2020-05-10 14:16:33.020  INFO 92635 --- [main] com.baeldung.taskmanagementapp.App       : Starting App on Elizabeths-MacBook-Pro.local with PID 92635 (/Users/elizabethprendergast/Development/task-management-app/target/classes started by elizabethprendergast in /Users/elizabethprendergast/Development/task-management-app)
2020-05-10 14:16:33.022 DEBUG 92635 --- [main] com.baeldung.taskmanagementapp.App       : Running with Spring Boot v2.2.6.RELEASE, Spring v5.2.5.RELEASE
2020-05-10 14:16:33.023  INFO 92635 --- [main] com.baeldung.taskmanagementapp.App       : No active profile set, falling back to default profiles: default
2020-05-10 14:16:34.418  INFO 92635 --- [main] o.s.b.w.embedded.tomcat.TomcatWebServer  : Tomcat initialized with port(s): 8080 (http)
2020-05-10 14:16:34.509  INFO 92635 --- [main] o.s.web.context.ContextLoader            : Root WebApplicationContext: initialization completed in 1420 ms
2020-05-10 14:16:34.734 DEBUG 92635 --- [main] c.b.t.service.impl.ProjectServiceImpl    : Project Service >> Saving Project Project{id=1, name='My First Project', dateCreated=2020-05-10}
2020-05-10 14:16:34.737 DEBUG 92635 --- [main] c.b.t.service.impl.ProjectServiceImpl    : Project Service >> Finding Project By ID 1
2020-05-10 14:16:34.845  INFO 92635 --- [main] o.s.s.concurrent.ThreadPoolTaskExecutor  : Initializing ExecutorService 'applicationTaskExecutor'
2020-05-10 14:16:35.053  INFO 92635 --- [main] o.s.b.a.e.web.EndpointLinksResolver      : Exposing 2 endpoint(s) beneath base path '/actuator'
2020-05-10 14:16:35.105  INFO 92635 --- [main] o.s.b.w.embedded.tomcat.TomcatWebServer  : Tomcat started on port(s): 8080 (http) with context path ''
2020-05-10 14:16:35.109  INFO 92635 --- [main] com.baeldung.taskmanagementapp.App       : Started App in 3.229 seconds (JVM running for 3.918)
2020-05-10 14:16:38.859  INFO 92635 --- [http-nio-8080-exec-1] o.s.web.servlet.DispatcherServlet        : Initializing Servlet 'dispatcherServlet'
2020-05-10 14:16:38.867  INFO 92635 --- [http-nio-8080-exec-1] o.s.web.servlet.DispatcherServlet        : Completed initialization in 7 ms
2020-05-10 14:18:57.297  INFO 92635 --- [SpringContextShutdownHook] o.s.s.concurrent.ThreadPoolTaskExecutor  : Shutting down ExecutorService 'applicationTaskExecutor'
2020-05-10 14:19:03.328  INFO 92677 --- [main] com.baeldung.taskmanagementapp.App       : Starting App on Elizabeths-MacBook-Pro.local with PID 92677 (/Users/elizabethprendergast/Development/task-management-app/target/classes started by elizabethprendergast in /Users/elizabethprendergast/Development/task-management-app)
2020-05-10 14:19:03.331 DEBUG 92677 --- [main] com.baeldung.taskmanagementapp.App       : Running with Spring Boot v2.2.6.RELEASE, Spring v5.2.5.RELEASE
2020-05-10 14:19:03.332  INFO 92677 --- [main] com.baeldung.taskmanagementapp.App       : No active profile set, falling back to default profiles: default
2020-05-10 14:19:05.064  INFO 92677 --- [main] o.s.b.w.embedded.tomcat.TomcatWebServer  : Tomcat initialized with port(s): 8080 (http)
2020-05-10 14:19:05.157  INFO 92677 --- [main] o.s.web.context.ContextLoader            : Root WebApplicationContext: initialization completed in 1741 ms
2020-05-10 14:19:05.411 DEBUG 92677 --- [main] c.b.t.service.impl.ProjectServiceImpl    : Project Service >> Saving Project Project{id=1, name='My First Project', dateCreated=2020-05-10}
2020-05-10 14:19:05.414 DEBUG 92677 --- [main] c.b.t.service.impl.ProjectServiceImpl    : Project Service >> Finding Project By ID 1
2020-05-10 14:19:05.535  INFO 92677 --- [main] o.s.s.concurrent.ThreadPoolTaskExecutor  : Initializing ExecutorService 'applicationTaskExecutor'
2020-05-10 14:19:05.755  INFO 92677 --- [main] o.s.b.a.e.web.EndpointLinksResolver      : Exposing 2 endpoint(s) beneath base path '/monitoring'
2020-05-10 14:19:05.815  INFO 92677 --- [main] o.s.b.w.embedded.tomcat.TomcatWebServer  : Tomcat started on port(s): 8080 (http) with context path ''
2020-05-10 14:19:05.820  INFO 92677 --- [main] com.baeldung.taskmanagementapp.App       : Started App in 3.465 seconds (JVM running for 4.133)
2020-05-10 14:19:09.093  INFO 92677 --- [http-nio-8080-exec-1] o.s.web.servlet.DispatcherServlet        : Initializing Servlet 'dispatcherServlet'
2020-05-10 14:19:09.117  INFO 92677 --- [http-nio-8080-exec-1] o.s.web.servlet.DispatcherServlet        : Completed initialization in 23 ms
2020-05-10 14:20:58.787  INFO 92677 --- [SpringContextShutdownHook] o.s.s.concurrent.ThreadPoolTaskExecutor  : Shutting down ExecutorService 'applicationTaskExecutor'
2020-05-10 14:21:03.983  INFO 92699 --- [main] com.baeldung.taskmanagementapp.App       : Starting App on Elizabeths-MacBook-Pro.local with PID 92699 (/Users/elizabethprendergast/Development/task-management-app/target/classes started by elizabethprendergast in /Users/elizabethprendergast/Development/task-management-app)
2020-05-10 14:21:03.986 DEBUG 92699 --- [main] com.baeldung.taskmanagementapp.App       : Running with Spring Boot v2.2.6.RELEASE, Spring v5.2.5.RELEASE
2020-05-10 14:21:03.987  INFO 92699 --- [main] com.baeldung.taskmanagementapp.App       : No active profile set, falling back to default profiles: default
2020-05-10 14:21:05.525  INFO 92699 --- [main] o.s.b.w.embedded.tomcat.TomcatWebServer  : Tomcat initialized with port(s): 8080 (http)
2020-05-10 14:21:05.612  INFO 92699 --- [main] o.s.web.context.ContextLoader            : Root WebApplicationContext: initialization completed in 1541 ms
2020-05-10 14:21:05.805 DEBUG 92699 --- [main] c.b.t.service.impl.ProjectServiceImpl    : Project Service >> Saving Project Project{id=1, name='My First Project', dateCreated=2020-05-10}
2020-05-10 14:21:05.816 DEBUG 92699 --- [main] c.b.t.service.impl.ProjectServiceImpl    : Project Service >> Finding Project By ID 1
2020-05-10 14:21:05.925  INFO 92699 --- [main] o.s.s.concurrent.ThreadPoolTaskExecutor  : Initializing ExecutorService 'applicationTaskExecutor'
2020-05-10 14:21:06.100  INFO 92699 --- [main] o.s.b.a.e.web.EndpointLinksResolver      : Exposing 2 endpoint(s) beneath base path '/monitoring'
2020-05-10 14:21:06.144  INFO 92699 --- [main] o.s.b.w.embedded.tomcat.TomcatWebServer  : Tomcat started on port(s): 8080 (http) with context path ''
2020-05-10 14:21:06.149  INFO 92699 --- [main] com.baeldung.taskmanagementapp.App       : Started App in 3.232 seconds (JVM running for 4.406)
2020-05-10 14:21:08.032  INFO 92699 --- [http-nio-8080-exec-1] o.s.web.servlet.DispatcherServlet        : Initializing Servlet 'dispatcherServlet'
2020-05-10 14:21:08.045  INFO 92699 --- [http-nio-8080-exec-1] o.s.web.servlet.DispatcherServlet        : Completed initialization in 10 ms
2020-05-10 14:57:59.292  INFO 92699 --- [SpringContextShutdownHook] o.s.s.concurrent.ThreadPoolTaskExecutor  : Shutting down ExecutorService 'applicationTaskExecutor'
2020-05-10 14:58:03.461  INFO 93111 --- [main] com.baeldung.taskmanagementapp.App       : Starting App on Elizabeths-MacBook-Pro.local with PID 93111 (/Users/elizabethprendergast/Development/task-management-app/target/classes started by elizabethprendergast in /Users/elizabethprendergast/Development/task-management-app)
2020-05-10 14:58:03.464 DEBUG 93111 --- [main] com.baeldung.taskmanagementapp.App       : Running with Spring Boot v2.2.6.RELEASE, Spring v5.2.5.RELEASE
2020-05-10 14:58:03.465  INFO 93111 --- [main] com.baeldung.taskmanagementapp.App       : No active profile set, falling back to default profiles: default
2020-05-10 14:58:04.846  INFO 93111 --- [main] o.s.b.w.embedded.tomcat.TomcatWebServer  : Tomcat initialized with port(s): 8080 (http)
2020-05-10 14:58:04.919  INFO 93111 --- [main] o.s.web.context.ContextLoader            : Root WebApplicationContext: initialization completed in 1382 ms
2020-05-10 14:58:05.128 DEBUG 93111 --- [main] c.b.t.service.impl.ProjectServiceImpl    : Project Service >> Saving Project Project{id=1, name='My First Project', dateCreated=2020-05-10}
2020-05-10 14:58:05.131 DEBUG 93111 --- [main] c.b.t.service.impl.ProjectServiceImpl    : Project Service >> Finding Project By ID 1
2020-05-10 14:58:05.231  INFO 93111 --- [main] o.s.s.concurrent.ThreadPoolTaskExecutor  : Initializing ExecutorService 'applicationTaskExecutor'
2020-05-10 14:58:05.393  INFO 93111 --- [main] o.s.b.a.e.web.EndpointLinksResolver      : Exposing 2 endpoint(s) beneath base path '/monitoring'
2020-05-10 14:58:05.451  INFO 93111 --- [main] o.s.b.w.embedded.tomcat.TomcatWebServer  : Tomcat started on port(s): 8080 (http) with context path ''
2020-05-10 14:58:05.458  INFO 93111 --- [main] com.baeldung.taskmanagementapp.App       : Started App in 2.789 seconds (JVM running for 3.385)
2020-05-10 14:58:17.470  INFO 93111 --- [http-nio-8080-exec-1] o.s.web.servlet.DispatcherServlet        : Initializing Servlet 'dispatcherServlet'
2020-05-10 14:58:17.480  INFO 93111 --- [http-nio-8080-exec-1] o.s.web.servlet.DispatcherServlet        : Completed initialization in 9 ms
2020-05-10 15:02:40.834  INFO 93111 --- [SpringContextShutdownHook] o.s.s.concurrent.ThreadPoolTaskExecutor  : Shutting down ExecutorService 'applicationTaskExecutor'
2020-05-10 15:03:00.980  INFO 93186 --- [main] com.baeldung.taskmanagementapp.App       : Starting App on Elizabeths-MacBook-Pro.local with PID 93186 (/Users/elizabethprendergast/Development/task-management-app/target/classes started by elizabethprendergast in /Users/elizabethprendergast/Development/task-management-app)
2020-05-10 15:03:00.985 DEBUG 93186 --- [main] com.baeldung.taskmanagementapp.App       : Running with Spring Boot v2.2.6.RELEASE, Spring v5.2.5.RELEASE
2020-05-10 15:03:00.988  INFO 93186 --- [main] com.baeldung.taskmanagementapp.App       : No active profile set, falling back to default profiles: default
2020-05-10 15:03:02.320  INFO 93186 --- [main] o.s.b.w.embedded.tomcat.TomcatWebServer  : Tomcat initialized with port(s): 8080 (http)
2020-05-10 15:03:02.417  INFO 93186 --- [main] o.s.web.context.ContextLoader            : Root WebApplicationContext: initialization completed in 1318 ms
2020-05-10 15:03:02.654 DEBUG 93186 --- [main] c.b.t.service.impl.ProjectServiceImpl    : Project Service >> Saving Project Project{id=1, name='My First Project', dateCreated=2020-05-10}
2020-05-10 15:03:02.657 DEBUG 93186 --- [main] c.b.t.service.impl.ProjectServiceImpl    : Project Service >> Finding Project By ID 1
2020-05-10 15:03:02.777  INFO 93186 --- [main] o.s.s.concurrent.ThreadPoolTaskExecutor  : Initializing ExecutorService 'applicationTaskExecutor'
2020-05-10 15:03:03.014  INFO 93186 --- [main] o.s.b.a.e.web.EndpointLinksResolver      : Exposing 2 endpoint(s) beneath base path '/monitoring'
2020-05-10 15:03:03.076  INFO 93186 --- [main] o.s.b.w.embedded.tomcat.TomcatWebServer  : Tomcat started on port(s): 8080 (http) with context path ''
2020-05-10 15:03:03.081  INFO 93186 --- [main] com.baeldung.taskmanagementapp.App       : Started App in 2.966 seconds (JVM running for 3.633)
2020-05-10 15:03:09.553  INFO 93186 --- [http-nio-8080-exec-1] o.s.web.servlet.DispatcherServlet        : Initializing Servlet 'dispatcherServlet'
2020-05-10 15:03:09.564  INFO 93186 --- [http-nio-8080-exec-1] o.s.web.servlet.DispatcherServlet        : Completed initialization in 10 ms
